<?xml version="1.0" encoding="UTF-8"?>
<testsuite name="testRunner.AdminPageTestRunner" tests="3" skipped="0" failures="0" errors="0" timestamp="2023-08-15T15:37:39" hostname="DESKTOP-NAROUI2" time="17.978">
  <properties/>
  <testcase name="searchUserInfofromDirectory" classname="testRunner.AdminPageTestRunner" time="12.691"/>
  <testcase name="doLogout" classname="testRunner.AdminPageTestRunner" time="4.074"/>
  <testcase name="doLoginWithNewUser" classname="testRunner.AdminPageTestRunner" time="1.204"/>
  <system-out><![CDATA[]]></system-out>
  <system-err><![CDATA[]]></system-err>
</testsuite>
