<?xml version="1.0" encoding="UTF-8"?>
<testsuite name="testRunner.LoginPageTestRunner" tests="1" skipped="0" failures="0" errors="0" timestamp="2023-08-15T15:35:12" hostname="DESKTOP-NAROUI2" time="11.164">
  <properties/>
  <testcase name="doLogin" classname="testRunner.LoginPageTestRunner" time="11.164"/>
  <system-out><![CDATA[]]></system-out>
  <system-err><![CDATA[]]></system-err>
</testsuite>
